<?xml version="1.0" encoding="UTF-8"?>
<robot generator="Robot 6.0.2 (Python 3.10.11 on win32)" generated="20230524 12:21:23.204" rpa="false" schemaversion="3">
<suite id="s1" name="Misc" source="C:\Users\ShashankAgarwal\OneDrive - StatusNeo\Desktop\Code\inventory-optimizer\robot_tests\utils_test\misc.robot">
<test id="s1-t1" name="Test Get SUM" line="6">
<kw name="Get Sum" library="misc">
<var>${sum_response}</var>
<arg>${4}</arg>
<arg>${5}</arg>
<msg timestamp="20230524 12:21:25.595" level="INFO">${sum_response} = 9</msg>
<status status="PASS" starttime="20230524 12:21:25.595" endtime="20230524 12:21:25.595"/>
</kw>
<kw name="Should Be Equal" library="BuiltIn">
<arg>${sum_response}</arg>
<arg>${9}</arg>
<doc>Fails if the given objects are unequal.</doc>
<status status="PASS" starttime="20230524 12:21:25.595" endtime="20230524 12:21:25.611"/>
</kw>
<status status="PASS" starttime="20230524 12:21:25.595" endtime="20230524 12:21:25.611"/>
</test>
<status status="PASS" starttime="20230524 12:21:23.213" endtime="20230524 12:21:25.611"/>
</suite>
<statistics>
<total>
<stat pass="1" fail="0" skip="0">All Tests</stat>
</total>
<tag>
</tag>
<suite>
<stat pass="1" fail="0" skip="0" id="s1" name="Misc">Misc</stat>
</suite>
</statistics>
<errors>
</errors>
</robot>
